# JRE version: Java(TM) SE Runtime Environment (8.0_40-b26) (build 1.8.0_40-b26)
# Java VM: Java HotSpot(TM) 64-Bit Server VM (25.40-b25 mixed mode windows-amd64 compressed oops)
Heap:
 PSYoungGen      total 138240K, used 129340K [0x00000000d5900000, 0x00000000de500000, 0x0000000100000000)
  eden space 133120K, 97% used [0x00000000d5900000,0x00000000dd74f2e0,0x00000000ddb00000)
  from space 5120K, 0% used [0x00000000de000000,0x00000000de000000,0x00000000de500000)
  to   space 5120K, 0% used [0x00000000ddb00000,0x00000000ddb00000,0x00000000de000000)
 ParOldGen       total 87552K, used 87243K [0x0000000080a00000, 0x0000000085f80000, 0x00000000d5900000)
  object space 87552K, 99% used [0x0000000080a00000,0x0000000085f32c50,0x0000000085f80000)
 Metaspace       used 6412K, capacity 7284K, committed 7552K, reserved 1056768K
  class space    used 607K, capacity 620K, committed 640K, reserved 1048576K
GC Heap History (10 events):
Event: 10.326 GC heap before
{Heap before GC invocations=21 (full 15):
 PSYoungGen      total 138240K, used 133120K [0x00000000d5900000, 0x00000000de500000, 0x0000000100000000)
  eden space 133120K, 100% used [0x00000000d5900000,0x00000000ddb00000,0x00000000ddb00000)
  from space 5120K, 0% used [0x00000000de000000,0x00000000de000000,0x00000000de500000)
  to   space 5120K, 0% used [0x00000000ddb00000,0x00000000ddb00000,0x00000000de000000)
 ParOldGen       total 87552K, used 87243K [0x0000000080a00000, 0x0000000085f80000, 0x00000000d5900000)
  object space 87552K, 99% used [0x0000000080a00000,0x0000000085f32dc0,0x0000000085f80000)
 Metaspace       used 6412K, capacity 7284K, committed 7552K, reserved 1056768K
  class space    used 606K, capacity 620K, committed 640K, reserved 1048576K
Event: 10.616 GC heap after
Heap after GC invocations=21 (full 15):
 PSYoungGen      total 138240K, used 117354K [0x00000000d5900000, 0x00000000de500000, 0x0000000100000000)
  eden space 133120K, 88% used [0x00000000d5900000,0x00000000dcb9a950,0x00000000ddb00000)
  from space 5120K, 0% used [0x00000000de000000,0x00000000de000000,0x00000000de500000)
  to   space 5120K, 0% used [0x00000000ddb00000,0x00000000ddb00000,0x00000000de000000)
 ParOldGen       total 87552K, used 87243K [0x0000000080a00000, 0x0000000085f80000, 0x00000000d5900000)
  object space 87552K, 99% used [0x0000000080a00000,0x0000000085f32db0,0x0000000085f80000)
 Metaspace       used 6412K, capacity 7284K, committed 7552K, reserved 1056768K
  class space    used 606K, capacity 620K, committed 640K, reserved 1048576K
}
Event: 10.647 GC heap before
{Heap before GC invocations=22 (full 16):
 PSYoungGen      total 138240K, used 133120K [0x00000000d5900000, 0x00000000de500000, 0x0000000100000000)
  eden space 133120K, 100% used [0x00000000d5900000,0x00000000ddb00000,0x00000000ddb00000)
  from space 5120K, 0% used [0x00000000de000000,0x00000000de000000,0x00000000de500000)
  to   space 5120K, 0% used [0x00000000ddb00000,0x00000000ddb00000,0x00000000de000000)
 ParOldGen       total 87552K, used 87243K [0x0000000080a00000, 0x0000000085f80000, 0x00000000d5900000)
  object space 87552K, 99% used [0x0000000080a00000,0x0000000085f32db0,0x0000000085f80000)
 Metaspace       used 6412K, capacity 7284K, committed 7552K, reserved 1056768K
  class space    used 607K, capacity 620K, committed 640K, reserved 1048576K
Event: 10.877 GC heap after
Heap after GC invocations=22 (full 16):
 PSYoungGen      total 138240K, used 119732K [0x00000000d5900000, 0x00000000de500000, 0x0000000100000000)
  eden space 133120K, 89% used [0x00000000d5900000,0x00000000dcded238,0x00000000ddb00000)
  from space 5120K, 0% used [0x00000000de000000,0x00000000de000000,0x00000000de500000)
  to   space 5120K, 0% used [0x00000000ddb00000,0x00000000ddb00000,0x00000000de000000)
 ParOldGen       total 87552K, used 87243K [0x0000000080a00000, 0x0000000085f80000, 0x00000000d5900000)
  object space 87552K, 99% used [0x0000000080a00000,0x0000000085f32db0,0x0000000085f80000)
 Metaspace       used 6412K, capacity 7284K, committed 7552K, reserved 1056768K
  class space    used 607K, capacity 620K, committed 640K, reserved 1048576K
}
Event: 10.903 GC heap before
{Heap before GC invocations=23 (full 17):
 PSYoungGen      total 138240K, used 133120K [0x00000000d5900000, 0x00000000de500000, 0x0000000100000000)
  eden space 133120K, 100% used [0x00000000d5900000,0x00000000ddb00000,0x00000000ddb00000)
  from space 5120K, 0% used [0x00000000de000000,0x00000000de000000,0x00000000de500000)
  to   space 5120K, 0% used [0x00000000ddb00000,0x00000000ddb00000,0x00000000de000000)
 ParOldGen       total 87552K, used 87243K [0x0000000080a00000, 0x0000000085f80000, 0x00000000d5900000)
  object space 87552K, 99% used [0x0000000080a00000,0x0000000085f32db0,0x0000000085f80000)
 Metaspace       used 6412K, capacity 7284K, committed 7552K, reserved 1056768K
  class space    used 607K, capacity 620K, committed 640K, reserved 1048576K
Event: 11.323 GC heap after
Heap after GC invocations=23 (full 17):
 PSYoungGen      total 138240K, used 121480K [0x00000000d5900000, 0x00000000de500000, 0x0000000100000000)
  eden space 133120K, 91% used [0x00000000d5900000,0x00000000dcfa2240,0x00000000ddb00000)
  from space 5120K, 0% used [0x00000000de000000,0x00000000de000000,0x00000000de500000)
  to   space 5120K, 0% used [0x00000000ddb00000,0x00000000ddb00000,0x00000000de000000)
 ParOldGen       total 87552K, used 87243K [0x0000000080a00000, 0x0000000085f80000, 0x00000000d5900000)
  object space 87552K, 99% used [0x0000000080a00000,0x0000000085f32c50,0x0000000085f80000)
 Metaspace       used 6412K, capacity 7284K, committed 7552K, reserved 1056768K
  class space    used 607K, capacity 620K, committed 640K, reserved 1048576K
}
Event: 11.346 GC heap before
{Heap before GC invocations=24 (full 18):
 PSYoungGen      total 138240K, used 133120K [0x00000000d5900000, 0x00000000de500000, 0x0000000100000000)
  eden space 133120K, 100% used [0x00000000d5900000,0x00000000ddb00000,0x00000000ddb00000)
  from space 5120K, 0% used [0x00000000de000000,0x00000000de000000,0x00000000de500000)
  to   space 5120K, 0% used [0x00000000ddb00000,0x00000000ddb00000,0x00000000de000000)
 ParOldGen       total 87552K, used 87243K [0x0000000080a00000, 0x0000000085f80000, 0x00000000d5900000)
  object space 87552K, 99% used [0x0000000080a00000,0x0000000085f32c50,0x0000000085f80000)
 Metaspace       used 6412K, capacity 7284K, committed 7552K, reserved 1056768K
  class space    used 607K, capacity 620K, committed 640K, reserved 1048576K
Event: 11.561 GC heap after
Heap after GC invocations=24 (full 18):
 PSYoungGen      total 138240K, used 123212K [0x00000000d5900000, 0x00000000de500000, 0x0000000100000000)
  eden space 133120K, 92% used [0x00000000d5900000,0x00000000dd153338,0x00000000ddb00000)
  from space 5120K, 0% used [0x00000000de000000,0x00000000de000000,0x00000000de500000)
  to   space 5120K, 0% used [0x00000000ddb00000,0x00000000ddb00000,0x00000000de000000)
 ParOldGen       total 87552K, used 87243K [0x0000000080a00000, 0x0000000085f80000, 0x00000000d5900000)
  object space 87552K, 99% used [0x0000000080a00000,0x0000000085f32c50,0x0000000085f80000)
 Metaspace       used 6412K, capacity 7284K, committed 7552K, reserved 1056768K
  class space    used 607K, capacity 620K, committed 640K, reserved 1048576K
}
Event: 11.590 GC heap before
{Heap before GC invocations=25 (full 19):
 PSYoungGen      total 138240K, used 133120K [0x00000000d5900000, 0x00000000de500000, 0x0000000100000000)
  eden space 133120K, 100% used [0x00000000d5900000,0x00000000ddb00000,0x00000000ddb00000)
  from space 5120K, 0% used [0x00000000de000000,0x00000000de000000,0x00000000de500000)
  to   space 5120K, 0% used [0x00000000ddb00000,0x00000000ddb00000,0x00000000de000000)
 ParOldGen       total 87552K, used 87243K [0x0000000080a00000, 0x0000000085f80000, 0x00000000d5900000)
  object space 87552K, 99% used [0x0000000080a00000,0x0000000085f32c50,0x0000000085f80000)
 Metaspace       used 6412K, capacity 7284K, committed 7552K, reserved 1056768K
  class space    used 607K, capacity 620K, committed 640K, reserved 1048576K
Event: 11.813 GC heap after
Heap after GC invocations=25 (full 19):
 PSYoungGen      total 138240K, used 125144K [0x00000000d5900000, 0x00000000de500000, 0x0000000100000000)
  eden space 133120K, 94% used [0x00000000d5900000,0x00000000dd336058,0x00000000ddb00000)
  from space 5120K, 0% used [0x00000000de000000,0x00000000de000000,0x00000000de500000)
  to   space 5120K, 0% used [0x00000000ddb00000,0x00000000ddb00000,0x00000000de000000)
 ParOldGen       total 87552K, used 87243K [0x0000000080a00000, 0x0000000085f80000, 0x00000000d5900000)
  object space 87552K, 99% used [0x0000000080a00000,0x0000000085f32c50,0x0000000085f80000)
 Metaspace       used 6412K, capacity 7284K, committed 7552K, reserved 1056768K
  class space    used 607K, capacity 620K, committed 640K, reserved 1048576K
}

